0 info it worked if it ends with ok
1 verbose cli [ 'D:\\Program Files\\nodejs\\node.exe',
1 verbose cli   'C:\\Users\\pengteling\\AppData\\Roaming\\npm\\node_modules\\npm\\bin\\npm-cli.js',
1 verbose cli   'run',
1 verbose cli   'webpack' ]
2 info using npm@3.10.3
3 info using node@v6.10.1
4 verbose run-script [ 'prewebpack', 'webpack', 'postwebpack' ]
5 info lifecycle webpack@1.0.0~prewebpack: webpack@1.0.0
6 silly lifecycle webpack@1.0.0~prewebpack: no script for prewebpack, continuing
7 info lifecycle webpack@1.0.0~webpack: webpack@1.0.0
8 verbose lifecycle webpack@1.0.0~webpack: unsafe-perm in lifecycle true
9 verbose lifecycle webpack@1.0.0~webpack: PATH: C:\Users\pengteling\AppData\Roaming\npm\node_modules\npm\bin\node-gyp-bin;G:\code\webpack\node_modules\.bin;D:\Program Files\nodejs;C:\WINDOWS\system32;C:\WINDOWS;C:\WINDOWS\System32\Wbem;C:\WINDOWS\System32\WindowsPowerShell\v1.0\;d:\Program Files (x86)\Microsoft SQL Server\100\Tools\Binn\VSShell\Common7\IDE\;d:\Program Files (x86)\Microsoft SQL Server\100\Tools\Binn\;d:\Program Files\Microsoft SQL Server\100\Tools\Binn\;d:\Program Files (x86)\Microsoft SQL Server\100\DTS\Binn\;d:\Program Files\Microsoft SQL Server\100\DTS\Binn\;C:\Ruby22\bin;C:\Program Files (x86)\Git\bin;C:\Program Files (x86)\Git\cmd;D:\Program Files\nodejs\;C:\Users\pengteling\AppData\Local\Apps\2.0\4EGVTPDO.HX7\5CJQN0X4.LK9\gith..tion_317444273a93ac29_0003.0000_c74cce3a838f9354;C:\Users\pengteling\AppData\Local\Microsoft\WindowsApps;C:\Users\pengteling\AppData\Roaming\npm;C:\Users\pengteling\AppData\Local\atom\bin
10 verbose lifecycle webpack@1.0.0~webpack: CWD: G:\code\webpack
11 silly lifecycle webpack@1.0.0~webpack: Args: [ '/d /s /c',
11 silly lifecycle   'webpack --display-modules --progress --colors --display-reasons' ]
12 silly lifecycle webpack@1.0.0~webpack: Returned: code: 2  signal: null
13 info lifecycle webpack@1.0.0~webpack: Failed to exec webpack script
14 verbose stack Error: webpack@1.0.0 webpack: `webpack --display-modules --progress --colors --display-reasons`
14 verbose stack Exit status 2
14 verbose stack     at EventEmitter.<anonymous> (C:\Users\pengteling\AppData\Roaming\npm\node_modules\npm\lib\utils\lifecycle.js:242:16)
14 verbose stack     at emitTwo (events.js:106:13)
14 verbose stack     at EventEmitter.emit (events.js:191:7)
14 verbose stack     at ChildProcess.<anonymous> (C:\Users\pengteling\AppData\Roaming\npm\node_modules\npm\lib\utils\spawn.js:40:14)
14 verbose stack     at emitTwo (events.js:106:13)
14 verbose stack     at ChildProcess.emit (events.js:191:7)
14 verbose stack     at maybeClose (internal/child_process.js:886:16)
14 verbose stack     at Process.ChildProcess._handle.onexit (internal/child_process.js:226:5)
15 verbose pkgid webpack@1.0.0
16 verbose cwd G:\code\webpack
17 error Windows_NT 10.0.14393
18 error argv "D:\\Program Files\\nodejs\\node.exe" "C:\\Users\\pengteling\\AppData\\Roaming\\npm\\node_modules\\npm\\bin\\npm-cli.js" "run" "webpack"
19 error node v6.10.1
20 error npm  v3.10.3
21 error code ELIFECYCLE
22 error webpack@1.0.0 webpack: `webpack --display-modules --progress --colors --display-reasons`
22 error Exit status 2
23 error Failed at the webpack@1.0.0 webpack script 'webpack --display-modules --progress --colors --display-reasons'.
23 error Make sure you have the latest version of node.js and npm installed.
23 error If you do, this is most likely a problem with the webpack package,
23 error not with npm itself.
23 error Tell the author that this fails on your system:
23 error     webpack --display-modules --progress --colors --display-reasons
23 error You can get information on how to open an issue for this project with:
23 error     npm bugs webpack
23 error Or if that isn't available, you can get their info via:
23 error     npm owner ls webpack
23 error There is likely additional logging output above.
24 verbose exit [ 1, true ]
